<?xml version="1.0" encoding="UTF-8"?>
<testsuite name="com.apress.isf.spring.test.MyDocumentsTest" tests="1" skipped="0" failures="0" errors="0" timestamp="2017-02-06T03:48:35" hostname="XxX-PC" time="0.546">
  <properties/>
  <testcase name="testAll" classname="com.apress.isf.spring.test.MyDocumentsTest" time="0.546"/>
  <system-out><![CDATA[Welcome
to
My
Documents
1.
Show
all
Documents
2.
Show
all
Document's
Types
3.
Search
by
Type
6.
Quit
]]></system-out>
  <system-err><![CDATA[Feb 05, 2017 10:48:35 PM org.springframework.context.support.ClassPathXmlApplicationContext prepareRefresh
INFO: Refreshing org.springframework.context.support.ClassPathXmlApplicationContext@547b97b8: startup date [Sun Feb 05 22:48:35 EST 2017]; root of context hierarchy
Feb 05, 2017 10:48:35 PM org.springframework.beans.factory.xml.XmlBeanDefinitionReader loadBeanDefinitions
INFO: Loading XML bean definitions from class path resource [META-INF/spring/mydocuments-context.xml]
]]></system-err>
</testsuite>
