<?xml version="1.0" encoding="UTF-8"?>
<testsuite name="com.apress.isf.spring.test.MyDocumentsTest" tests="1" skipped="0" failures="0" errors="0" timestamp="2017-02-09T22:04:16" hostname="dbbvs-LM82" time="1.012">
  <properties/>
  <testcase name="testUsingSpringTest" classname="com.apress.isf.spring.test.MyDocumentsTest" time="1.012"/>
  <system-out><![CDATA[]]></system-out>
  <system-err><![CDATA[Feb 09, 2017 5:04:16 PM org.springframework.test.context.TestContextManager retrieveTestExecutionListeners
INFO: Could not instantiate TestExecutionListener [org.springframework.test.context.web.ServletTestExecutionListener]. Specify custom listener classes or make the default listener classes (and their required dependencies) available. Offending class: [javax/servlet/ServletContext]
Feb 09, 2017 5:04:16 PM org.springframework.test.context.TestContextManager retrieveTestExecutionListeners
INFO: Could not instantiate TestExecutionListener [org.springframework.test.context.transaction.TransactionalTestExecutionListener]. Specify custom listener classes or make the default listener classes (and their required dependencies) available. Offending class: [org/springframework/transaction/interceptor/TransactionAttributeSource]
Feb 09, 2017 5:04:16 PM org.springframework.beans.factory.xml.XmlBeanDefinitionReader loadBeanDefinitions
INFO: Loading XML bean definitions from class path resource [META-INF/spring/mydocuments-context.xml]
Feb 09, 2017 5:04:16 PM org.springframework.context.support.GenericApplicationContext prepareRefresh
INFO: Refreshing org.springframework.context.support.GenericApplicationContext@26297d70: startup date [Thu Feb 09 17:04:16 EST 2017]; root of context hierarchy
]]></system-err>
</testsuite>
