<?xml version="1.0" encoding="UTF-8"?>
<testsuite name="com.apress.isf.spring.test.MyDocumentsBeanDefinitionReaderTest" tests="1" skipped="0" failures="0" errors="0" timestamp="2017-02-09T22:05:54" hostname="dbbvs-LM82" time="0.902">
  <properties/>
  <testcase name="testWithGroovyAll" classname="com.apress.isf.spring.test.MyDocumentsBeanDefinitionReaderTest" time="0.902"/>
  <system-out><![CDATA[]]></system-out>
  <system-err><![CDATA[Feb 09, 2017 5:05:55 PM org.springframework.context.support.GenericGroovyApplicationContext prepareRefresh
INFO: Refreshing org.springframework.context.support.GenericGroovyApplicationContext@6c0ff27d: startup date [Thu Feb 09 17:05:55 EST 2017]; root of context hierarchy
]]></system-err>
</testsuite>
