<?xml version="1.0" encoding="UTF-8"?>
<testsuite name="com.apress.isf.spring.test.MyDocumentsTest" tests="1" skipped="0" failures="0" errors="0" timestamp="2017-02-13T16:10:21" hostname="dbbvs-LM82" time="0.065">
  <properties/>
  <testcase name="testUsingSpringTest" classname="com.apress.isf.spring.test.MyDocumentsTest" time="0.065"/>
  <system-out><![CDATA[]]></system-out>
  <system-err><![CDATA[Feb 13, 2017 11:10:21 AM org.springframework.test.context.TestContextManager retrieveTestExecutionListeners
INFO: Could not instantiate TestExecutionListener [org.springframework.test.context.web.ServletTestExecutionListener]. Specify custom listener classes or make the default listener classes (and their required dependencies) available. Offending class: [javax/servlet/ServletContext]
Feb 13, 2017 11:10:21 AM org.springframework.test.context.TestContextManager retrieveTestExecutionListeners
INFO: Could not instantiate TestExecutionListener [org.springframework.test.context.transaction.TransactionalTestExecutionListener]. Specify custom listener classes or make the default listener classes (and their required dependencies) available. Offending class: [org/springframework/transaction/interceptor/TransactionAttributeSource]
Feb 13, 2017 11:10:21 AM org.springframework.beans.factory.xml.XmlBeanDefinitionReader loadBeanDefinitions
INFO: Loading XML bean definitions from class path resource [META-INF/spring/mydocuments-context.xml]
Feb 13, 2017 11:10:21 AM org.springframework.context.support.GenericApplicationContext prepareRefresh
INFO: Refreshing org.springframework.context.support.GenericApplicationContext@762fb43d: startup date [Mon Feb 13 11:10:21 EST 2017]; root of context hierarchy
]]></system-err>
</testsuite>
