<?xml version="1.0" encoding="UTF-8"?>
<testsuite name="com.apress.isf.spring.test.MyDocumentsBeanDefinitionReaderTest" tests="1" skipped="0" failures="0" errors="0" timestamp="2017-02-06T17:44:38" hostname="dbbvs-LM82" time="0.637">
  <properties/>
  <testcase name="testWithGroovyAll" classname="com.apress.isf.spring.test.MyDocumentsBeanDefinitionReaderTest" time="0.637"/>
  <system-out><![CDATA[]]></system-out>
  <system-err><![CDATA[Feb 06, 2017 12:44:39 PM org.springframework.context.support.GenericGroovyApplicationContext prepareRefresh
INFO: Refreshing org.springframework.context.support.GenericGroovyApplicationContext@6c0ff27d: startup date [Mon Feb 06 12:44:39 EST 2017]; root of context hierarchy
]]></system-err>
</testsuite>
