<?xml version="1.0" encoding="UTF-8"?>
<testsuite name="com.apress.isf.spring.test.MyDocumentsBeanConfigurationTest" tests="1" skipped="0" failures="0" errors="0" timestamp="2017-02-09T22:05:54" hostname="dbbvs-LM82" time="0.13">
  <properties/>
  <testcase name="testWithBeanConfigurationAll" classname="com.apress.isf.spring.test.MyDocumentsBeanConfigurationTest" time="0.13"/>
  <system-out><![CDATA[]]></system-out>
  <system-err><![CDATA[Feb 09, 2017 5:05:54 PM org.springframework.context.annotation.AnnotationConfigApplicationContext prepareRefresh
INFO: Refreshing org.springframework.context.annotation.AnnotationConfigApplicationContext@3e7c20ee: startup date [Thu Feb 09 17:05:54 EST 2017]; root of context hierarchy
]]></system-err>
</testsuite>
