<?xml version="1.0" encoding="UTF-8"?>
<testsuite name="com.apress.isf.spring.test.MyDocumentsBeanConfigurationTest" tests="1" skipped="0" failures="0" errors="0" timestamp="2017-02-03T21:35:30" hostname="dbbvs-LM82" time="0.117">
  <properties/>
  <testcase name="testWithBeanConfigurationAll" classname="com.apress.isf.spring.test.MyDocumentsBeanConfigurationTest" time="0.117"/>
  <system-out><![CDATA[]]></system-out>
  <system-err><![CDATA[Feb 03, 2017 4:35:30 PM org.springframework.context.annotation.AnnotationConfigApplicationContext prepareRefresh
INFO: Refreshing org.springframework.context.annotation.AnnotationConfigApplicationContext@3e7c20ee: startup date [Fri Feb 03 16:35:30 EST 2017]; root of context hierarchy
]]></system-err>
</testsuite>
