<?xml version="1.0" encoding="UTF-8"?>
<testsuite name="com.apress.isf.spring.test.MyDocumentsBeanDefinitionReaderTest" tests="1" skipped="0" failures="0" errors="0" timestamp="2017-02-03T21:35:30" hostname="dbbvs-LM82" time="0.626">
  <properties/>
  <testcase name="testWithGroovyAll" classname="com.apress.isf.spring.test.MyDocumentsBeanDefinitionReaderTest" time="0.626"/>
  <system-out><![CDATA[]]></system-out>
  <system-err><![CDATA[Feb 03, 2017 4:35:31 PM org.springframework.context.support.GenericGroovyApplicationContext prepareRefresh
INFO: Refreshing org.springframework.context.support.GenericGroovyApplicationContext@6c0ff27d: startup date [Fri Feb 03 16:35:31 EST 2017]; root of context hierarchy
]]></system-err>
</testsuite>
