<?xml version="1.0" encoding="UTF-8"?>
<testsuite name="com.apress.isf.spring.test.MyDocumentsBeanConfigurationTest" tests="1" skipped="0" failures="0" errors="0" timestamp="2017-02-14T17:15:28" hostname="dbbvs-LM82" time="0.165">
  <properties/>
  <testcase name="testWithBeanConfigurationAll" classname="com.apress.isf.spring.test.MyDocumentsBeanConfigurationTest" time="0.165"/>
  <system-out><![CDATA[]]></system-out>
  <system-err><![CDATA[Feb 14, 2017 12:15:28 PM org.springframework.context.annotation.AnnotationConfigApplicationContext prepareRefresh
INFO: Refreshing org.springframework.context.annotation.AnnotationConfigApplicationContext@feaa18d: startup date [Tue Feb 14 12:15:28 EST 2017]; root of context hierarchy
]]></system-err>
</testsuite>
