<?xml version="1.0" encoding="UTF-8"?>
<testsuite name="com.apress.isf.spring.test.MyDocumentsBeanDefinitionReaderTest" tests="1" skipped="0" failures="0" errors="0" timestamp="2017-02-14T17:15:28" hostname="dbbvs-LM82" time="0.836">
  <properties/>
  <testcase name="testWithGroovyAll" classname="com.apress.isf.spring.test.MyDocumentsBeanDefinitionReaderTest" time="0.836"/>
  <system-out><![CDATA[]]></system-out>
  <system-err><![CDATA[Feb 14, 2017 12:15:29 PM org.springframework.context.support.GenericGroovyApplicationContext prepareRefresh
INFO: Refreshing org.springframework.context.support.GenericGroovyApplicationContext@71f57ef7: startup date [Tue Feb 14 12:15:29 EST 2017]; root of context hierarchy
]]></system-err>
</testsuite>
